<?xml version="1.0" encoding="UTF-8"?>
<!-- Generated by org.testng.reporters.JUnitReportReporter -->
<testsuite skipped="0" hostname="DESKTOP-D8T0N8D" name="com.mendix.test.VendorScript" tests="1" failures="0" timestamp="25 Jun 2019 12:50:47 GMT" time="39.962" errors="0">
  <testcase name="Process_Information_Check" time="39.962" classname="com.mendix.test.VendorScript"/>
</testsuite> <!-- com.mendix.test.VendorScript -->
