<?xml version="1.0" encoding="UTF-8"?>
<!-- Generated by org.testng.reporters.JUnitReportReporter -->
<testsuite skipped="0" hostname="DESKTOP-D8T0N8D" name="com.mendix.test.LoginScript" tests="7" failures="0" timestamp="04 Jul 2019 05:48:04 GMT" time="29.151" errors="0">
  <testcase name="openBrowser" time="2.658" classname="com.mendix.test.LoginScript"/>
  <testcase name="loginAsLDR" time="4.672" classname="com.mendix.test.LoginScript"/>
  <testcase name="openBrowser" time="2.623" classname="com.mendix.test.LoginScript"/>
  <testcase name="loginAsLDR" time="4.321" classname="com.mendix.test.LoginScript"/>
  <testcase name="loginAsGDA" time="4.621" classname="com.mendix.test.LoginScript"/>
  <testcase name="openBrowser" time="10.211" classname="com.mendix.test.LoginScript"/>
  <testcase name="tasKill" time="0.045" classname="com.mendix.test.LoginScript"/>
</testsuite> <!-- com.mendix.test.LoginScript -->
